2024-10-20 22:42:43,061 Serving on http://127.0.0.1:8443
2024-10-20 22:43:14,456 Starting new HTTPS connection (1): api.telegram.org:443
2024-10-20 22:43:16,490 https://api.telegram.org:443 "POST /bot6761323508:AAH5TzW4G-ObgJMz6425xjKg0_iCpimTQ4A/sendMessage?chat_id=6162560085&text=Enter+Description HTTP/1.1" 200 286
2024-10-20 22:43:23,146 https://api.telegram.org:443 "POST /bot6761323508:AAH5TzW4G-ObgJMz6425xjKg0_iCpimTQ4A/sendMessage?chat_id=6162560085&text=Enter+time+for+Each+question%2C+in+multiple+of+5+seconds%2C+eg.+5%2C+10%2C+15%2C+20%2C+etc. HTTP/1.1" 200 348
2024-10-20 22:43:26,287 Starting new HTTPS connection (1): api.telegram.org:443
2024-10-20 22:43:28,387 https://api.telegram.org:443 "POST /bot6761323508:AAH5TzW4G-ObgJMz6425xjKg0_iCpimTQ4A/sendMessage?chat_id=6162560085&text=upload+a+csv+or+excel+file. HTTP/1.1" 200 296
2024-10-20 22:43:40,077 Starting new HTTPS connection (1): api.telegram.org:443
2024-10-20 22:43:42,290 https://api.telegram.org:443 "GET /bot6761323508:AAH5TzW4G-ObgJMz6425xjKg0_iCpimTQ4A/getFile?file_id=BQACAgUAAxkBAAIBBGcVOkEPgBEtcY08xkD49I_yrokEAAKOEQACj5CxVDitOopHF9XINgQ HTTP/1.1" 200 196
2024-10-20 22:43:42,923 https://api.telegram.org:443 "GET /file/bot6761323508:AAH5TzW4G-ObgJMz6425xjKg0_iCpimTQ4A/documents/file_11.xlsx HTTP/1.1" 200 10286
2024-10-20 22:43:44,420 https://api.telegram.org:443 "POST /bot6761323508:AAH5TzW4G-ObgJMz6425xjKg0_iCpimTQ4A/sendMessage?chat_id=6162560085&text=+Keep+this+key+for+future+usage.+This+will+be+needed+for+starting+quiz+later+on. HTTP/1.1" 200 348
2024-10-20 22:43:45,125 https://api.telegram.org:443 "POST /bot6761323508:AAH5TzW4G-ObgJMz6425xjKg0_iCpimTQ4A/sendMessage?chat_id=6162560085&text=Organized+by%3A+Saurav%0ATime+for+each+question%3A+20%0AKey%3A+OX7Z67SEE0QGXS36%0ADescription%3A+TEST+1 HTTP/1.1" 200 361
2024-10-20 22:44:02,707 https://api.telegram.org:443 "POST /bot6761323508:AAH5TzW4G-ObgJMz6425xjKg0_iCpimTQ4A/sendMessage?chat_id=6162560085&text=Welcome+To+SAMPLE+BOT+NAME&reply_to_message_id=263 HTTP/1.1" 200 666
2024-10-20 22:44:03,439 https://api.telegram.org:443 "POST /bot6761323508:AAH5TzW4G-ObgJMz6425xjKg0_iCpimTQ4A/sendMessage?chat_id=6162560085&text=Enter+Key+%F0%9F%94%91 HTTP/1.1" 200 291
2024-10-20 22:44:07,691 https://api.telegram.org:443 "POST /bot6761323508:AAH5TzW4G-ObgJMz6425xjKg0_iCpimTQ4A/sendMessage?chat_id=6162560085&text=Key+Accepted. HTTP/1.1" 200 282
2024-10-20 22:44:08,347 https://api.telegram.org:443 "POST /bot6761323508:AAH5TzW4G-ObgJMz6425xjKg0_iCpimTQ4A/sendMessage?chat_id=6162560085&text=%0A++++++++++++++++%F0%9F%8E%B2+Get+ready+for+the+quiz+%2A%27TEST+1%2A%27%0A%0A%F0%9F%96%8A+%2A10%2A+question%0A%E2%8F%B1+%2A20%2A+seconds+per+question%0A%F0%9F%8F%81+Press+the+button+below+when+you+are+ready.%0ASend+%2Fstop+to+stop+it.&parse_mode=Markdown HTTP/1.1" 200 631
2024-10-20 22:44:09,032 https://api.telegram.org:443 "POST /bot6761323508:AAH5TzW4G-ObgJMz6425xjKg0_iCpimTQ4A/sendMessage?chat_id=6162560085&text=The+quiz+will+start+in+%2A10%2A+seconds.&parse_mode=Markdown HTTP/1.1" 200 355
2024-10-20 22:44:09,670 https://api.telegram.org:443 "POST /bot6761323508:AAH5TzW4G-ObgJMz6425xjKg0_iCpimTQ4A/deleteMessage?chat_id=6162560085&message_id=266 HTTP/1.1" 200 25
2024-10-20 22:44:11,311 https://api.telegram.org:443 "POST /bot6761323508:AAH5TzW4G-ObgJMz6425xjKg0_iCpimTQ4A/editMessageText?text=The+quiz+will+start+in+%2A9%2A+seconds.&chat_id=6162560085&message_id=269&parse_mode=Markdown HTTP/1.1" 200 377
2024-10-20 22:44:12,991 https://api.telegram.org:443 "POST /bot6761323508:AAH5TzW4G-ObgJMz6425xjKg0_iCpimTQ4A/editMessageText?text=The+quiz+will+start+in+%2A8%2A+seconds.&chat_id=6162560085&message_id=269&parse_mode=Markdown HTTP/1.1" 200 377
2024-10-20 22:44:14,646 https://api.telegram.org:443 "POST /bot6761323508:AAH5TzW4G-ObgJMz6425xjKg0_iCpimTQ4A/editMessageText?text=The+quiz+will+start+in+%2A7%2A+seconds.&chat_id=6162560085&message_id=269&parse_mode=Markdown HTTP/1.1" 200 377
2024-10-20 22:44:16,307 https://api.telegram.org:443 "POST /bot6761323508:AAH5TzW4G-ObgJMz6425xjKg0_iCpimTQ4A/editMessageText?text=The+quiz+will+start+in+%2A6%2A+seconds.&chat_id=6162560085&message_id=269&parse_mode=Markdown HTTP/1.1" 200 377
2024-10-20 22:44:17,961 https://api.telegram.org:443 "POST /bot6761323508:AAH5TzW4G-ObgJMz6425xjKg0_iCpimTQ4A/editMessageText?text=The+quiz+will+start+in+%2A5%2A+seconds.&chat_id=6162560085&message_id=269&parse_mode=Markdown HTTP/1.1" 200 377
2024-10-20 22:44:19,610 https://api.telegram.org:443 "POST /bot6761323508:AAH5TzW4G-ObgJMz6425xjKg0_iCpimTQ4A/editMessageText?text=The+quiz+will+start+in+%2A4%2A+seconds.&chat_id=6162560085&message_id=269&parse_mode=Markdown HTTP/1.1" 200 377
2024-10-20 22:44:21,320 https://api.telegram.org:443 "POST /bot6761323508:AAH5TzW4G-ObgJMz6425xjKg0_iCpimTQ4A/editMessageText?text=The+quiz+will+start+in+%2A3%2A+seconds.&chat_id=6162560085&message_id=269&parse_mode=Markdown HTTP/1.1" 200 377
2024-10-20 22:44:23,002 https://api.telegram.org:443 "POST /bot6761323508:AAH5TzW4G-ObgJMz6425xjKg0_iCpimTQ4A/editMessageText?text=The+quiz+will+start+in+%2A2%2A+seconds.&chat_id=6162560085&message_id=269&parse_mode=Markdown HTTP/1.1" 200 377
2024-10-20 22:44:24,721 https://api.telegram.org:443 "POST /bot6761323508:AAH5TzW4G-ObgJMz6425xjKg0_iCpimTQ4A/editMessageText?text=The+quiz+will+start+in+%2A1%2A+seconds.&chat_id=6162560085&message_id=269&parse_mode=Markdown HTTP/1.1" 200 377
2024-10-20 22:44:26,448 https://api.telegram.org:443 "POST /bot6761323508:AAH5TzW4G-ObgJMz6425xjKg0_iCpimTQ4A/editMessageText?text=The+quiz+will+start+in+%2A0%2A+seconds.&chat_id=6162560085&message_id=269&parse_mode=Markdown HTTP/1.1" 200 377
2024-10-20 22:44:28,167 https://api.telegram.org:443 "POST /bot6761323508:AAH5TzW4G-ObgJMz6425xjKg0_iCpimTQ4A/editMessageText?text=%2AREADY+%F0%9F%9A%A5+%F0%9F%94%B4%2A&chat_id=6162560085&message_id=269&parse_mode=Markdown HTTP/1.1" 200 375
2024-10-20 22:44:29,847 https://api.telegram.org:443 "POST /bot6761323508:AAH5TzW4G-ObgJMz6425xjKg0_iCpimTQ4A/editMessageText?text=%2ASET+%F0%9F%9A%A5+%F0%9F%9F%A1%2A&chat_id=6162560085&message_id=269&parse_mode=Markdown HTTP/1.1" 200 372
2024-10-20 22:44:31,523 https://api.telegram.org:443 "POST /bot6761323508:AAH5TzW4G-ObgJMz6425xjKg0_iCpimTQ4A/editMessageText?text=%2AGO+%F0%9F%9A%A5+%F0%9F%9F%A2%2A&chat_id=6162560085&message_id=269&parse_mode=Markdown HTTP/1.1" 200 371
2024-10-20 22:44:32,159 https://api.telegram.org:443 "POST /bot6761323508:AAH5TzW4G-ObgJMz6425xjKg0_iCpimTQ4A/deleteMessage?chat_id=6162560085&message_id=269 HTTP/1.1" 200 25
2024-10-20 22:44:33,107 https://api.telegram.org:443 "GET /bot6761323508:AAH5TzW4G-ObgJMz6425xjKg0_iCpimTQ4A/sendPoll?chat_id=6162560085&question=%5B1%2F10%5D++%E0%A4%AE%E0%A4%B2%E0%A4%BF%E0%A4%95+%E0%A4%AE%E0%A4%B9%E0%A4%AE%E0%A5%8D%E0%A4%AE%E0%A4%A6+%E0%A4%9C%E0%A4%BE%E0%A4%AF%E0%A4%B8%E0%A5%80+%E0%A4%95%E0%A4%B5%E0%A4%BF+%E0%A4%B9%E0%A5%88%E0%A4%82%E0%A5%A4&options=%5B%22%5Cu0926%5Cu0941%3A%5Cu0916+%5Cu0915%5Cu0947+%5Cu092a%5Cu0940%5Cu0930+%5Cu0915%5Cu0947%22%2C%22%5Cu0915%5Cu0943%5Cu0937%5Cu094d%5Cu0923+%5Cu092a%5Cu094d%5Cu0930%5Cu0947%5Cu092e+%5Cu0915%5Cu0947%22%2C%22%5Cu0905%5Cu091f%5Cu094d%5Cu091b%5Cu093e%5Cu092a+%5Cu0915%5Cu0947%22%2C%22%5Cu092a%5Cu094d%5Cu0930%5Cu0947%5Cu092e+%5Cu0915%5Cu0940+%5Cu092a%5Cu0940%5Cu0930+%5Cu0915%5Cu0947%22%5D&is_anonymous=False&type=quiz&correct_option_id=3&open_period=20 HTTP/1.1" 200 1009
2024-10-20 22:44:58,828 https://api.telegram.org:443 "GET /bot6761323508:AAH5TzW4G-ObgJMz6425xjKg0_iCpimTQ4A/sendPoll?chat_id=6162560085&question=%5B2%2F10%5D++%27%E0%A4%95%E0%A4%A1%E0%A4%BC%E0%A4%AC%E0%A4%95%27+%E0%A4%95%E0%A5%87+%E0%A4%95%E0%A4%B5%E0%A4%BF+%E0%A4%95%E0%A5%8C%E0%A4%A8+%E0%A4%B9%E0%A5%88%3F&options=%5B%22%5Cu0915%5Cu092c%5Cu0940%5Cu0930+%5Cu0926%5Cu093e%5Cu0938%22%2C%22%5Cu0938%5Cu0942%5Cu0930%5Cu0926%5Cu093e%5Cu0938%22%2C%22%5Cu092e%5Cu0932%5Cu093f%5Cu0915+%5Cu092e%5Cu0941%5Cu0939%5Cu092e%5Cu094d%5Cu092e%5Cu0926+%5Cu091c%5Cu093e%5Cu092f%5Cu0938%5Cu0940%22%2C%22%5Cu0928%5Cu093e%5Cu092d%5Cu093e%5Cu0926%5Cu093e%5Cu0938%22%5D&is_anonymous=False&type=quiz&correct_option_id=2&open_period=20 HTTP/1.1" 200 927
2024-10-20 22:45:24,477 https://api.telegram.org:443 "POST /bot6761323508:AAH5TzW4G-ObgJMz6425xjKg0_iCpimTQ4A/sendMessage?chat_id=6162560085&text=%F0%9F%8F%81+The+quiz+%27%3Cb%3ETEST+1%3C%2Fb%3E%27+has+finished%21%0A%F0%9F%A5%87+Saurav+Sharma-%3Cb%3E2%3C%2Fb%3E+%280.0+min+15+sec%29%0A%0A%F0%9F%8F%86+Congratulations+to+the+winners%21&parse_mode=html HTTP/1.1" 200 499
